Build started 10/17/2014 11:36:37 PM.
     1>Project "D:\Users\Andrew\Documents\GitHub\Graphics\Project3\Project3\Project3.vcxproj" on node 2 (Build target(s)).
     1>ClCompile:
         C:\Program Files (x86)\Microsoft Visual Studio 12.0\VC\bin\CL.exe /c /ZI /nologo /W3 /WX- /sdl /Od /Oy- /D _MBCS /Gm /EHsc /RTC1 /MDd /GS /fp:precise /Zc:wchar_t /Zc:forScope /Fo"Debug\\" /Fd"Debug\vc120.pdb" /Gd /TP /analyze- /errorReport:prompt main.cpp
         main.cpp
     1>d:\users\andrew\documents\github\graphics\project3\project3\axes.h(13): warning C4005: 'NUM_VERTICES' : macro redefinition
                 d:\users\andrew\documents\github\graphics\project3\project3\square.h(11) : see previous definition of 'NUM_VERTICES'
     1>d:\users\andrew\documents\github\graphics\project3\project3\main.cpp(50): error C3867: 'World::display': function call missing argument list; use '&World::display' to create a pointer to member
     1>Done Building Project "D:\Users\Andrew\Documents\GitHub\Graphics\Project3\Project3\Project3.vcxproj" (Build target(s)) -- FAILED.

Build FAILED.

Time Elapsed 00:00:00.62
